
   INFO  Server running on [http://127.0.0.1:8000].

  Press Ctrl+C to stop the server

   WARN  PHP Deprecated: Optional parameter $lang declared before required parameter $meta is implicitly treated as a required parameter in app/Traits/SeoTrait.php on line 15.

   WARN  PHP Deprecated: Optional parameter $lang declared before required parameter $path is implicitly treated as a required parameter in app/Traits/SeoTrait.php on line 27.

   WARN  PHP Deprecated: Optional parameter $lang declared before required parameter $path is implicitly treated as a required parameter in app/Traits/SeoTrait.php on line 39.

   WARN  PHP Deprecated: Optional parameter $lang declared before required parameter $path is implicitly treated as a required parameter in app/Traits/SeoTrait.php on line 49.

  2026-04-20 05:26:07 ................................................... ~ 1s
  2026-04-20 05:26:08 /assets/css/base.min.css?id=c7ba286b5c7ab79a67139b0f133c2d3f  ~ 0s
  2026-04-20 05:26:08 /assets/css/website/index.min.css?id=9d7b6167ce88d8cadb4968eb453a3aeb  ~ 0s
  2026-04-20 05:26:08 /assets/js/base/index.min.js?id=3ba959e1aa93b715120423e00ff59d7c  ~ 0s
  2026-04-20 05:26:08 /assets/img/svg/icons.svg ......................... ~ 0s
  2026-04-20 05:26:09 /assets/img/logo.webp ............................. ~ 0s
  2026-04-20 05:26:09 /assets/img/svg/bars.svg .......................... ~ 0s
  2026-04-20 05:26:09 /assets/img/svg/close.svg ......................... ~ 0s
  2026-04-20 05:26:09 /assets/img/logo.png .............................. ~ 0s
  2026-04-20 05:28:15 ................................................... ~ 1s
  2026-04-20 05:28:16 /assets/css/base.min.css?id=c7ba286b5c7ab79a67139b0f133c2d3f  ~ 0s
  2026-04-20 05:28:16 /assets/css/website/index.min.css?id=9d7b6167ce88d8cadb4968eb453a3aeb  ~ 0s
  2026-04-20 05:28:16 /assets/js/base/index.min.js?id=3ba959e1aa93b715120423e00ff59d7c  ~ 0s
  2026-04-20 05:28:16 /assets/img/svg/icons.svg ......................... ~ 0s
  2026-04-20 05:28:16 /assets/img/logo.webp ............................. ~ 0s
  2026-04-20 05:28:16 /assets/img/svg/bars.svg .......................... ~ 0s
  2026-04-20 05:28:16 /assets/img/svg/close.svg ......................... ~ 0s
  2026-04-20 05:28:16 /assets/img/logo.png .............................. ~ 0s
  2026-04-20 05:28:17 ................................................... ~ 1s
  2026-04-20 05:28:18 /assets/css/base.min.css?id=c7ba286b5c7ab79a67139b0f133c2d3f  ~ 0s
  2026-04-20 05:28:18 /assets/js/base/index.min.js?id=3ba959e1aa93b715120423e00ff59d7c  ~ 0s
  2026-04-20 05:28:18 /assets/css/website/index.min.css?id=9d7b6167ce88d8cadb4968eb453a3aeb  ~ 0s
  2026-04-20 05:28:18 /assets/img/logo.webp ............................. ~ 0s
  2026-04-20 05:28:18 /assets/img/svg/bars.svg .......................... ~ 0s
  2026-04-20 05:28:18 /assets/img/svg/close.svg ......................... ~ 0s
  2026-04-20 05:28:18 /assets/img/logo.png .............................. ~ 0s
  2026-04-20 05:28:19 ................................................... ~ 0s
  2026-04-20 05:28:19 /assets/css/base.min.css?id=c7ba286b5c7ab79a67139b0f133c2d3f  ~ 0s
  2026-04-20 05:28:19 /assets/js/base/index.min.js?id=3ba959e1aa93b715120423e00ff59d7c  ~ 0s
  2026-04-20 05:28:19 /assets/css/website/index.min.css?id=9d7b6167ce88d8cadb4968eb453a3aeb  ~ 0s
  2026-04-20 05:28:19 /assets/img/logo.webp ............................. ~ 0s
  2026-04-20 05:28:19 /assets/img/svg/bars.svg .......................... ~ 0s
  2026-04-20 05:28:19 /assets/img/svg/close.svg ......................... ~ 0s
  2026-04-20 05:28:19 /assets/img/logo.png .............................. ~ 0s
  2026-04-20 05:28:20 ................................................... ~ 1s
  2026-04-20 05:28:21 /assets/css/base.min.css?id=c7ba286b5c7ab79a67139b0f133c2d3f  ~ 0s
  2026-04-20 05:28:21 /assets/js/base/index.min.js?id=3ba959e1aa93b715120423e00ff59d7c  ~ 0s
  2026-04-20 05:28:21 /assets/css/website/index.min.css?id=9d7b6167ce88d8cadb4968eb453a3aeb  ~ 0s
  2026-04-20 05:28:21 /assets/img/logo.webp ............................. ~ 0s
  2026-04-20 05:28:21 /assets/img/svg/bars.svg .......................... ~ 0s
  2026-04-20 05:28:21 /assets/img/svg/close.svg ......................... ~ 0s
  2026-04-20 05:28:21 /assets/img/logo.png .............................. ~ 0s
  2026-04-20 05:29:33 ................................................... ~ 0s
  2026-04-20 05:29:33 /assets/css/base.min.css?id=c7ba286b5c7ab79a67139b0f133c2d3f  ~ 0s
  2026-04-20 05:29:33 /assets/css/website/index.min.css?id=9d7b6167ce88d8cadb4968eb453a3aeb  ~ 0s
  2026-04-20 05:29:33 /assets/js/base/index.min.js?id=3ba959e1aa93b715120423e00ff59d7c  ~ 0s
  2026-04-20 05:29:33 /assets/img/svg/icons.svg ......................... ~ 0s
  2026-04-20 05:29:33 /assets/img/logo.webp ............................. ~ 0s
  2026-04-20 05:29:33 /assets/img/svg/bars.svg .......................... ~ 0s
  2026-04-20 05:29:33 /assets/img/svg/close.svg ......................... ~ 0s
  2026-04-20 05:29:33 /assets/img/logo.png .............................. ~ 0s
  2026-04-20 05:29:34 ................................................... ~ 1s
  2026-04-20 05:29:35 /assets/css/base.min.css?id=c7ba286b5c7ab79a67139b0f133c2d3f  ~ 0s
  2026-04-20 05:29:35 /assets/js/base/index.min.js?id=3ba959e1aa93b715120423e00ff59d7c  ~ 0s
  2026-04-20 05:29:35 /assets/css/website/index.min.css?id=9d7b6167ce88d8cadb4968eb453a3aeb  ~ 0s
  2026-04-20 05:29:35 /assets/img/logo.webp ............................. ~ 0s
  2026-04-20 05:29:35 /assets/img/svg/bars.svg .......................... ~ 0s
  2026-04-20 05:29:35 /assets/img/svg/close.svg ......................... ~ 0s
  2026-04-20 05:29:35 /assets/img/logo.png .............................. ~ 0s
  2026-04-20 05:29:36 ................................................... ~ 0s
  2026-04-20 05:29:36 /assets/css/base.min.css?id=c7ba286b5c7ab79a67139b0f133c2d3f  ~ 0s
  2026-04-20 05:29:36 /assets/js/base/index.min.js?id=3ba959e1aa93b715120423e00ff59d7c  ~ 0s
  2026-04-20 05:29:36 /assets/css/website/index.min.css?id=9d7b6167ce88d8cadb4968eb453a3aeb  ~ 0s
  2026-04-20 05:29:36 /assets/img/logo.webp ............................. ~ 0s
  2026-04-20 05:29:36 /assets/img/svg/bars.svg .......................... ~ 0s
  2026-04-20 05:29:36 /assets/img/svg/close.svg ......................... ~ 0s
  2026-04-20 05:29:36 /assets/img/logo.png .............................. ~ 0s
  2026-04-20 05:29:37 ................................................... ~ 0s
  2026-04-20 05:29:37 /assets/css/base.min.css?id=c7ba286b5c7ab79a67139b0f133c2d3f  ~ 0s
  2026-04-20 05:29:37 /assets/js/base/index.min.js?id=3ba959e1aa93b715120423e00ff59d7c  ~ 0s
  2026-04-20 05:29:37 /assets/css/website/index.min.css?id=9d7b6167ce88d8cadb4968eb453a3aeb  ~ 0s
  2026-04-20 05:29:38 /assets/img/logo.webp ............................. ~ 0s
  2026-04-20 05:29:38 /assets/img/svg/bars.svg .......................... ~ 0s
  2026-04-20 05:29:38 /assets/img/svg/close.svg ......................... ~ 0s
  2026-04-20 05:29:38 /assets/img/logo.png .............................. ~ 0s
